[debug] [2018-07-12T02:47:32.599Z] ----------------------------------------------------------------------
[debug] [2018-07-12T02:47:32.601Z] Command:       C:\Program Files\nodejs\node.exe C:\Users\Mahan\AppData\Roaming\npm\node_modules\firebase-tools\bin\firebase serve
[debug] [2018-07-12T02:47:32.602Z] CLI Version:   3.19.3
[debug] [2018-07-12T02:47:32.602Z] Platform:      win32
[debug] [2018-07-12T02:47:32.602Z] Node Version:  v8.10.0
[debug] [2018-07-12T02:47:32.602Z] Time:          Wed Jul 11 2018 22:47:32 GMT-0400 (Eastern Daylight Time)
[debug] [2018-07-12T02:47:32.602Z] ----------------------------------------------------------------------
[debug] 
[debug] [2018-07-12T02:47:32.611Z] > command requires scopes: ["email","openid","https://www.googleapis.com/auth/cloudplatformprojects.readonly","https://www.googleapis.com/auth/firebase","https://www.googleapis.com/auth/cloud-platform"]
[debug] [2018-07-12T02:47:32.611Z] > authorizing via signed-in user
[debug] [2018-07-12T02:47:32.613Z] >>> HTTP REQUEST GET https://admin.firebase.com/v1/projects/scraper-b60a3  
  
 Wed Jul 11 2018 22:47:32 GMT-0400 (Eastern Daylight Time)
[debug] [2018-07-12T02:47:33.371Z] <<< HTTP RESPONSE 200
[debug] [2018-07-12T02:47:33.371Z] >>> HTTP REQUEST GET https://admin.firebase.com/v1/database/scraper-b60a3/tokens  
  
 Wed Jul 11 2018 22:47:33 GMT-0400 (Eastern Daylight Time)
[debug] [2018-07-12T02:47:33.682Z] <<< HTTP RESPONSE 200
[debug] [2018-07-12T02:47:33.683Z] >>> HTTP REQUEST GET https://cloudresourcemanager.googleapis.com/v1/projects/scraper-b60a3  
  
 Wed Jul 11 2018 22:47:33 GMT-0400 (Eastern Daylight Time)
[debug] [2018-07-12T02:47:34.013Z] <<< HTTP RESPONSE 200
[info] 
[info] === Serving from 'M:\Servers\WhatToDo\WTD_Angular\WTD'...
[info] 
[info] i  functions: Preparing to emulate functions.
[debug] [2018-07-12T02:47:35.045Z] Fetching environment
[debug] [2018-07-12T02:47:35.047Z] >>> HTTP REQUEST GET https://mobilesdk-pa.googleapis.com/v1/projects/640781760906:getServerAppConfig  
  
 Wed Jul 11 2018 22:47:35 GMT-0400 (Eastern Daylight Time)
[debug] [2018-07-12T02:47:35.048Z] >>> HTTP REQUEST GET https://mobilesdk-pa.googleapis.com/v1/projects/640781760906/clients/_:getWebAppConfig  
  
 Wed Jul 11 2018 22:47:35 GMT-0400 (Eastern Daylight Time)
[debug] [2018-07-12T02:47:35.315Z] <<< HTTP RESPONSE 200
[info] i  hosting: Serving hosting files from: public
[info] +  hosting: Local server: http://localhost:5000

[debug] [2018-07-12T02:47:35.413Z] <<< HTTP RESPONSE 200
[debug] [2018-07-12T02:47:35.414Z] Starting @google-cloud/functions-emulator
[debug] [2018-07-12T02:47:36.932Z] Parsing function triggers
[warn] !  functions: Failed to load functions source code. Ensure that you have the latest SDK by running npm i --save firebase-functions inside the functions directory.
[debug] [2018-07-12T02:47:37.067Z] Error during trigger parsing:  Error parsing triggers: Cannot find module 'M:\Servers\WhatToDo\WTD_Angular\WTD\functions'

Try running "npm install" in your functions directory before deploying.
[warn] !  functions: Error from emulator. Error parsing triggers: Cannot find module 'M:\Servers\WhatToDo\WTD_Angular\WTD\functions'

Try running "npm install" in your functions directory before deploying.
[debug] [2018-07-12T02:47:37.067Z] 
